current directory: /Users/asahihi/Documents/smart_washing/vender/bundle/ruby/3.1.0/gems/msgpack-1.7.0/ext/msgpack
/Users/asahihi/.rbenv/versions/3.1.4/bin/ruby -I /Users/asahihi/.rbenv/versions/3.1.4/lib/ruby/3.1.0 extconf.rb
checking for ruby/st.h... yes
checking for st.h... no
checking for rb_enc_interned_str() in ruby.h... yes
checking for rb_hash_new_capa() in ruby.h... no
creating Makefile

current directory: /Users/asahihi/Documents/smart_washing/vender/bundle/ruby/3.1.0/gems/msgpack-1.7.0/ext/msgpack
make DESTDIR\= sitearchdir\=./.gem.20230402-82374-h6ou2t sitelibdir\=./.gem.20230402-82374-h6ou2t clean

current directory: /Users/asahihi/Documents/smart_washing/vender/bundle/ruby/3.1.0/gems/msgpack-1.7.0/ext/msgpack
make DESTDIR\= sitearchdir\=./.gem.20230402-82374-h6ou2t sitelibdir\=./.gem.20230402-82374-h6ou2t
compiling buffer.c
compiling buffer_class.c
compiling extension_value_class.c
compiling factory_class.c
compiling packer.c
compiling packer_class.c
compiling packer_ext_registry.c
compiling rbinit.c
compiling rmem.c
compiling unpacker.c
compiling unpacker_class.c
compiling unpacker_ext_registry.c
linking shared-object msgpack/msgpack.bundle

current directory: /Users/asahihi/Documents/smart_washing/vender/bundle/ruby/3.1.0/gems/msgpack-1.7.0/ext/msgpack
make DESTDIR\= sitearchdir\=./.gem.20230402-82374-h6ou2t sitelibdir\=./.gem.20230402-82374-h6ou2t install
/usr/bin/install -c -m 0755 msgpack.bundle ./.gem.20230402-82374-h6ou2t/msgpack
